[2022-12-11T12:51:02.069+0000] {taskinstance.py:1165} INFO - Dependencies all met for <TaskInstance: hard_dag.hello scheduled__2022-12-11T12:50:00+00:00 [queued]>
[2022-12-11T12:51:02.085+0000] {taskinstance.py:1165} INFO - Dependencies all met for <TaskInstance: hard_dag.hello scheduled__2022-12-11T12:50:00+00:00 [queued]>
[2022-12-11T12:51:02.086+0000] {taskinstance.py:1362} INFO - 
--------------------------------------------------------------------------------
[2022-12-11T12:51:02.086+0000] {taskinstance.py:1363} INFO - Starting attempt 1 of 1
[2022-12-11T12:51:02.088+0000] {taskinstance.py:1364} INFO - 
--------------------------------------------------------------------------------
[2022-12-11T12:51:02.105+0000] {taskinstance.py:1383} INFO - Executing <Task(BashOperator): hello> on 2022-12-11 12:50:00+00:00
[2022-12-11T12:51:02.113+0000] {standard_task_runner.py:55} INFO - Started process 16033 to run task
[2022-12-11T12:51:02.116+0000] {standard_task_runner.py:82} INFO - Running: ['***', 'tasks', 'run', 'hard_dag', 'hello', 'scheduled__2022-12-11T12:50:00+00:00', '--job-id', '7462', '--raw', '--subdir', 'DAGS_FOLDER/hard_dag.py', '--cfg-path', '/tmp/tmpqc1pt8lp']
[2022-12-11T12:51:02.117+0000] {standard_task_runner.py:83} INFO - Job 7462: Subtask hello
[2022-12-11T12:51:02.201+0000] {task_command.py:376} INFO - Running <TaskInstance: hard_dag.hello scheduled__2022-12-11T12:50:00+00:00 [running]> on host 5663d391ad54
[2022-12-11T12:51:02.291+0000] {taskinstance.py:1592} INFO - Exporting the following env vars:
AIRFLOW_CTX_DAG_OWNER=***
AIRFLOW_CTX_DAG_ID=hard_dag
AIRFLOW_CTX_TASK_ID=hello
AIRFLOW_CTX_EXECUTION_DATE=2022-12-11T12:50:00+00:00
AIRFLOW_CTX_TRY_NUMBER=1
AIRFLOW_CTX_DAG_RUN_ID=scheduled__2022-12-11T12:50:00+00:00
[2022-12-11T12:51:02.293+0000] {subprocess.py:63} INFO - Tmp dir root location: 
 /tmp
[2022-12-11T12:51:02.294+0000] {subprocess.py:75} INFO - Running command: ['/bin/bash', '-c', 'echo hello']
[2022-12-11T12:51:02.304+0000] {subprocess.py:86} INFO - Output:
[2022-12-11T12:51:02.306+0000] {subprocess.py:93} INFO - hello
[2022-12-11T12:51:02.307+0000] {subprocess.py:97} INFO - Command exited with return code 0
[2022-12-11T12:51:02.323+0000] {taskinstance.py:1406} INFO - Marking task as SUCCESS. dag_id=hard_dag, task_id=hello, execution_date=20221211T125000, start_date=20221211T125102, end_date=20221211T125102
[2022-12-11T12:51:02.377+0000] {local_task_job.py:159} INFO - Task exited with return code 0
[2022-12-11T12:51:02.406+0000] {taskinstance.py:2623} INFO - 1 downstream tasks scheduled from follow-on schedule check
