[2022-12-11T12:52:01.378+0000] {taskinstance.py:1165} INFO - Dependencies all met for <TaskInstance: hard_dag.hello scheduled__2022-12-11T12:51:00+00:00 [queued]>
[2022-12-11T12:52:01.410+0000] {taskinstance.py:1165} INFO - Dependencies all met for <TaskInstance: hard_dag.hello scheduled__2022-12-11T12:51:00+00:00 [queued]>
[2022-12-11T12:52:01.416+0000] {taskinstance.py:1362} INFO - 
--------------------------------------------------------------------------------
[2022-12-11T12:52:01.416+0000] {taskinstance.py:1363} INFO - Starting attempt 1 of 1
[2022-12-11T12:52:01.417+0000] {taskinstance.py:1364} INFO - 
--------------------------------------------------------------------------------
[2022-12-11T12:52:01.497+0000] {taskinstance.py:1383} INFO - Executing <Task(BashOperator): hello> on 2022-12-11 12:51:00+00:00
[2022-12-11T12:52:01.504+0000] {standard_task_runner.py:55} INFO - Started process 16098 to run task
[2022-12-11T12:52:01.523+0000] {standard_task_runner.py:82} INFO - Running: ['***', 'tasks', 'run', 'hard_dag', 'hello', 'scheduled__2022-12-11T12:51:00+00:00', '--job-id', '7470', '--raw', '--subdir', 'DAGS_FOLDER/hard_dag.py', '--cfg-path', '/tmp/tmpx9pmd9qr']
[2022-12-11T12:52:01.524+0000] {standard_task_runner.py:83} INFO - Job 7470: Subtask hello
[2022-12-11T12:52:01.627+0000] {task_command.py:376} INFO - Running <TaskInstance: hard_dag.hello scheduled__2022-12-11T12:51:00+00:00 [running]> on host 5663d391ad54
[2022-12-11T12:52:01.717+0000] {taskinstance.py:1592} INFO - Exporting the following env vars:
AIRFLOW_CTX_DAG_OWNER=***
AIRFLOW_CTX_DAG_ID=hard_dag
AIRFLOW_CTX_TASK_ID=hello
AIRFLOW_CTX_EXECUTION_DATE=2022-12-11T12:51:00+00:00
AIRFLOW_CTX_TRY_NUMBER=1
AIRFLOW_CTX_DAG_RUN_ID=scheduled__2022-12-11T12:51:00+00:00
[2022-12-11T12:52:01.718+0000] {subprocess.py:63} INFO - Tmp dir root location: 
 /tmp
[2022-12-11T12:52:01.719+0000] {subprocess.py:75} INFO - Running command: ['/bin/bash', '-c', 'echo hello']
[2022-12-11T12:52:01.728+0000] {subprocess.py:86} INFO - Output:
[2022-12-11T12:52:01.730+0000] {subprocess.py:93} INFO - hello
[2022-12-11T12:52:01.730+0000] {subprocess.py:97} INFO - Command exited with return code 0
[2022-12-11T12:52:01.742+0000] {taskinstance.py:1406} INFO - Marking task as SUCCESS. dag_id=hard_dag, task_id=hello, execution_date=20221211T125100, start_date=20221211T125201, end_date=20221211T125201
[2022-12-11T12:52:01.776+0000] {local_task_job.py:159} INFO - Task exited with return code 0
[2022-12-11T12:52:01.810+0000] {taskinstance.py:2623} INFO - 1 downstream tasks scheduled from follow-on schedule check
