[2022-12-11T12:50:05.292+0000] {taskinstance.py:1165} INFO - Dependencies all met for <TaskInstance: hard_dag.TwoNumsCalc scheduled__2022-12-10T12:54:00+00:00 [queued]>
[2022-12-11T12:50:05.305+0000] {taskinstance.py:1165} INFO - Dependencies all met for <TaskInstance: hard_dag.TwoNumsCalc scheduled__2022-12-10T12:54:00+00:00 [queued]>
[2022-12-11T12:50:05.305+0000] {taskinstance.py:1362} INFO - 
--------------------------------------------------------------------------------
[2022-12-11T12:50:05.305+0000] {taskinstance.py:1363} INFO - Starting attempt 1 of 1
[2022-12-11T12:50:05.306+0000] {taskinstance.py:1364} INFO - 
--------------------------------------------------------------------------------
[2022-12-11T12:50:05.324+0000] {taskinstance.py:1383} INFO - Executing <Task(PythonOperator): TwoNumsCalc> on 2022-12-10 12:54:00+00:00
[2022-12-11T12:50:05.328+0000] {standard_task_runner.py:55} INFO - Started process 15981 to run task
[2022-12-11T12:50:05.332+0000] {standard_task_runner.py:82} INFO - Running: ['***', 'tasks', 'run', 'hard_dag', 'TwoNumsCalc', 'scheduled__2022-12-10T12:54:00+00:00', '--job-id', '7458', '--raw', '--subdir', 'DAGS_FOLDER/hard_dag.py', '--cfg-path', '/tmp/tmp6mso54bk']
[2022-12-11T12:50:05.332+0000] {standard_task_runner.py:83} INFO - Job 7458: Subtask TwoNumsCalc
[2022-12-11T12:50:05.427+0000] {task_command.py:376} INFO - Running <TaskInstance: hard_dag.TwoNumsCalc scheduled__2022-12-10T12:54:00+00:00 [running]> on host 5663d391ad54
[2022-12-11T12:50:05.515+0000] {taskinstance.py:1592} INFO - Exporting the following env vars:
AIRFLOW_CTX_DAG_OWNER=***
AIRFLOW_CTX_DAG_ID=hard_dag
AIRFLOW_CTX_TASK_ID=TwoNumsCalc
AIRFLOW_CTX_EXECUTION_DATE=2022-12-10T12:54:00+00:00
AIRFLOW_CTX_TRY_NUMBER=1
AIRFLOW_CTX_DAG_RUN_ID=scheduled__2022-12-10T12:54:00+00:00
[2022-12-11T12:50:05.524+0000] {python.py:177} INFO - Done. Returned value was: None
[2022-12-11T12:50:05.540+0000] {taskinstance.py:1406} INFO - Marking task as SUCCESS. dag_id=hard_dag, task_id=TwoNumsCalc, execution_date=20221210T125400, start_date=20221211T125005, end_date=20221211T125005
[2022-12-11T12:50:05.586+0000] {local_task_job.py:159} INFO - Task exited with return code 0
[2022-12-11T12:50:05.610+0000] {taskinstance.py:2623} INFO - 1 downstream tasks scheduled from follow-on schedule check
