[2022-12-11T16:32:04.443+0000] {taskinstance.py:1165} INFO - Dependencies all met for <TaskInstance: hard_dag.TwoNumsPrt scheduled__2022-12-11T16:31:00+00:00 [queued]>
[2022-12-11T16:32:04.455+0000] {taskinstance.py:1165} INFO - Dependencies all met for <TaskInstance: hard_dag.TwoNumsPrt scheduled__2022-12-11T16:31:00+00:00 [queued]>
[2022-12-11T16:32:04.455+0000] {taskinstance.py:1362} INFO - 
--------------------------------------------------------------------------------
[2022-12-11T16:32:04.455+0000] {taskinstance.py:1363} INFO - Starting attempt 1 of 1
[2022-12-11T16:32:04.456+0000] {taskinstance.py:1364} INFO - 
--------------------------------------------------------------------------------
[2022-12-11T16:32:04.474+0000] {taskinstance.py:1383} INFO - Executing <Task(PythonOperator): TwoNumsPrt> on 2022-12-11 16:31:00+00:00
[2022-12-11T16:32:04.478+0000] {standard_task_runner.py:55} INFO - Started process 26832 to run task
[2022-12-11T16:32:04.482+0000] {standard_task_runner.py:82} INFO - Running: ['***', 'tasks', 'run', 'hard_dag', 'TwoNumsPrt', 'scheduled__2022-12-11T16:31:00+00:00', '--job-id', '7620', '--raw', '--subdir', 'DAGS_FOLDER/hard_dag.py', '--cfg-path', '/tmp/tmp71ka2ch9']
[2022-12-11T16:32:04.483+0000] {standard_task_runner.py:83} INFO - Job 7620: Subtask TwoNumsPrt
[2022-12-11T16:32:04.544+0000] {task_command.py:376} INFO - Running <TaskInstance: hard_dag.TwoNumsPrt scheduled__2022-12-11T16:31:00+00:00 [running]> on host 5663d391ad54
[2022-12-11T16:32:04.619+0000] {taskinstance.py:1592} INFO - Exporting the following env vars:
AIRFLOW_CTX_DAG_OWNER=***
AIRFLOW_CTX_DAG_ID=hard_dag
AIRFLOW_CTX_TASK_ID=TwoNumsPrt
AIRFLOW_CTX_EXECUTION_DATE=2022-12-11T16:31:00+00:00
AIRFLOW_CTX_TRY_NUMBER=1
AIRFLOW_CTX_DAG_RUN_ID=scheduled__2022-12-11T16:31:00+00:00
[2022-12-11T16:32:04.627+0000] {python.py:177} INFO - Done. Returned value was: None
[2022-12-11T16:32:04.638+0000] {taskinstance.py:1406} INFO - Marking task as SUCCESS. dag_id=hard_dag, task_id=TwoNumsPrt, execution_date=20221211T163100, start_date=20221211T163204, end_date=20221211T163204
[2022-12-11T16:32:04.694+0000] {local_task_job.py:159} INFO - Task exited with return code 0
[2022-12-11T16:32:04.726+0000] {taskinstance.py:2623} INFO - 1 downstream tasks scheduled from follow-on schedule check
