[2022-12-11T12:54:03.618+0000] {taskinstance.py:1165} INFO - Dependencies all met for <TaskInstance: hard_dag.TwoNumsPrt scheduled__2022-12-11T12:53:00+00:00 [queued]>
[2022-12-11T12:54:03.629+0000] {taskinstance.py:1165} INFO - Dependencies all met for <TaskInstance: hard_dag.TwoNumsPrt scheduled__2022-12-11T12:53:00+00:00 [queued]>
[2022-12-11T12:54:03.630+0000] {taskinstance.py:1362} INFO - 
--------------------------------------------------------------------------------
[2022-12-11T12:54:03.630+0000] {taskinstance.py:1363} INFO - Starting attempt 1 of 1
[2022-12-11T12:54:03.630+0000] {taskinstance.py:1364} INFO - 
--------------------------------------------------------------------------------
[2022-12-11T12:54:03.649+0000] {taskinstance.py:1383} INFO - Executing <Task(PythonOperator): TwoNumsPrt> on 2022-12-11 12:53:00+00:00
[2022-12-11T12:54:03.656+0000] {standard_task_runner.py:55} INFO - Started process 16238 to run task
[2022-12-11T12:54:03.660+0000] {standard_task_runner.py:82} INFO - Running: ['***', 'tasks', 'run', 'hard_dag', 'TwoNumsPrt', 'scheduled__2022-12-11T12:53:00+00:00', '--job-id', '7492', '--raw', '--subdir', 'DAGS_FOLDER/hard_dag.py', '--cfg-path', '/tmp/tmpsv31nd0p']
[2022-12-11T12:54:03.661+0000] {standard_task_runner.py:83} INFO - Job 7492: Subtask TwoNumsPrt
[2022-12-11T12:54:03.745+0000] {task_command.py:376} INFO - Running <TaskInstance: hard_dag.TwoNumsPrt scheduled__2022-12-11T12:53:00+00:00 [running]> on host 5663d391ad54
[2022-12-11T12:54:03.816+0000] {taskinstance.py:1592} INFO - Exporting the following env vars:
AIRFLOW_CTX_DAG_OWNER=***
AIRFLOW_CTX_DAG_ID=hard_dag
AIRFLOW_CTX_TASK_ID=TwoNumsPrt
AIRFLOW_CTX_EXECUTION_DATE=2022-12-11T12:53:00+00:00
AIRFLOW_CTX_TRY_NUMBER=1
AIRFLOW_CTX_DAG_RUN_ID=scheduled__2022-12-11T12:53:00+00:00
[2022-12-11T12:54:03.824+0000] {python.py:177} INFO - Done. Returned value was: None
[2022-12-11T12:54:03.834+0000] {taskinstance.py:1406} INFO - Marking task as SUCCESS. dag_id=hard_dag, task_id=TwoNumsPrt, execution_date=20221211T125300, start_date=20221211T125403, end_date=20221211T125403
[2022-12-11T12:54:03.874+0000] {local_task_job.py:159} INFO - Task exited with return code 0
[2022-12-11T12:54:03.904+0000] {taskinstance.py:2623} INFO - 1 downstream tasks scheduled from follow-on schedule check
[2022-12-11T16:26:32.008+0000] {taskinstance.py:1165} INFO - Dependencies all met for <TaskInstance: hard_dag.TwoNumsPrt scheduled__2022-12-11T12:53:00+00:00 [queued]>
[2022-12-11T16:26:32.018+0000] {taskinstance.py:1165} INFO - Dependencies all met for <TaskInstance: hard_dag.TwoNumsPrt scheduled__2022-12-11T12:53:00+00:00 [queued]>
[2022-12-11T16:26:32.019+0000] {taskinstance.py:1362} INFO - 
--------------------------------------------------------------------------------
[2022-12-11T16:26:32.019+0000] {taskinstance.py:1363} INFO - Starting attempt 1 of 1
[2022-12-11T16:26:32.020+0000] {taskinstance.py:1364} INFO - 
--------------------------------------------------------------------------------
[2022-12-11T16:26:32.033+0000] {taskinstance.py:1383} INFO - Executing <Task(PythonOperator): TwoNumsPrt> on 2022-12-11 12:53:00+00:00
[2022-12-11T16:26:32.037+0000] {standard_task_runner.py:55} INFO - Started process 26463 to run task
[2022-12-11T16:26:32.041+0000] {standard_task_runner.py:82} INFO - Running: ['***', 'tasks', 'run', 'hard_dag', 'TwoNumsPrt', 'scheduled__2022-12-11T12:53:00+00:00', '--job-id', '7575', '--raw', '--subdir', 'DAGS_FOLDER/hard_dag.py', '--cfg-path', '/tmp/tmpllez4oic']
[2022-12-11T16:26:32.041+0000] {standard_task_runner.py:83} INFO - Job 7575: Subtask TwoNumsPrt
[2022-12-11T16:26:32.214+0000] {task_command.py:376} INFO - Running <TaskInstance: hard_dag.TwoNumsPrt scheduled__2022-12-11T12:53:00+00:00 [running]> on host 5663d391ad54
[2022-12-11T16:26:32.302+0000] {taskinstance.py:1592} INFO - Exporting the following env vars:
AIRFLOW_CTX_DAG_OWNER=***
AIRFLOW_CTX_DAG_ID=hard_dag
AIRFLOW_CTX_TASK_ID=TwoNumsPrt
AIRFLOW_CTX_EXECUTION_DATE=2022-12-11T12:53:00+00:00
AIRFLOW_CTX_TRY_NUMBER=1
AIRFLOW_CTX_DAG_RUN_ID=scheduled__2022-12-11T12:53:00+00:00
[2022-12-11T16:26:32.312+0000] {python.py:177} INFO - Done. Returned value was: None
[2022-12-11T16:26:32.322+0000] {taskinstance.py:1406} INFO - Marking task as SUCCESS. dag_id=hard_dag, task_id=TwoNumsPrt, execution_date=20221211T125300, start_date=20221211T162632, end_date=20221211T162632
[2022-12-11T16:26:32.374+0000] {local_task_job.py:159} INFO - Task exited with return code 0
[2022-12-11T16:26:32.420+0000] {taskinstance.py:2623} INFO - 1 downstream tasks scheduled from follow-on schedule check
