[2022-12-11T12:54:00.681+0000] {taskinstance.py:1165} INFO - Dependencies all met for <TaskInstance: hard_dag.hello scheduled__2022-12-11T12:53:00+00:00 [queued]>
[2022-12-11T12:54:00.691+0000] {taskinstance.py:1165} INFO - Dependencies all met for <TaskInstance: hard_dag.hello scheduled__2022-12-11T12:53:00+00:00 [queued]>
[2022-12-11T12:54:00.691+0000] {taskinstance.py:1362} INFO - 
--------------------------------------------------------------------------------
[2022-12-11T12:54:00.691+0000] {taskinstance.py:1363} INFO - Starting attempt 1 of 1
[2022-12-11T12:54:00.692+0000] {taskinstance.py:1364} INFO - 
--------------------------------------------------------------------------------
[2022-12-11T12:54:00.711+0000] {taskinstance.py:1383} INFO - Executing <Task(BashOperator): hello> on 2022-12-11 12:53:00+00:00
[2022-12-11T12:54:00.715+0000] {standard_task_runner.py:55} INFO - Started process 16229 to run task
[2022-12-11T12:54:00.718+0000] {standard_task_runner.py:82} INFO - Running: ['***', 'tasks', 'run', 'hard_dag', 'hello', 'scheduled__2022-12-11T12:53:00+00:00', '--job-id', '7489', '--raw', '--subdir', 'DAGS_FOLDER/hard_dag.py', '--cfg-path', '/tmp/tmpguk9g25b']
[2022-12-11T12:54:00.719+0000] {standard_task_runner.py:83} INFO - Job 7489: Subtask hello
[2022-12-11T12:54:00.785+0000] {task_command.py:376} INFO - Running <TaskInstance: hard_dag.hello scheduled__2022-12-11T12:53:00+00:00 [running]> on host 5663d391ad54
[2022-12-11T12:54:00.858+0000] {taskinstance.py:1592} INFO - Exporting the following env vars:
AIRFLOW_CTX_DAG_OWNER=***
AIRFLOW_CTX_DAG_ID=hard_dag
AIRFLOW_CTX_TASK_ID=hello
AIRFLOW_CTX_EXECUTION_DATE=2022-12-11T12:53:00+00:00
AIRFLOW_CTX_TRY_NUMBER=1
AIRFLOW_CTX_DAG_RUN_ID=scheduled__2022-12-11T12:53:00+00:00
[2022-12-11T12:54:00.859+0000] {subprocess.py:63} INFO - Tmp dir root location: 
 /tmp
[2022-12-11T12:54:00.860+0000] {subprocess.py:75} INFO - Running command: ['/bin/bash', '-c', 'echo hello']
[2022-12-11T12:54:00.870+0000] {subprocess.py:86} INFO - Output:
[2022-12-11T12:54:00.871+0000] {subprocess.py:93} INFO - hello
[2022-12-11T12:54:00.872+0000] {subprocess.py:97} INFO - Command exited with return code 0
[2022-12-11T12:54:00.884+0000] {taskinstance.py:1406} INFO - Marking task as SUCCESS. dag_id=hard_dag, task_id=hello, execution_date=20221211T125300, start_date=20221211T125400, end_date=20221211T125400
[2022-12-11T12:54:00.930+0000] {local_task_job.py:159} INFO - Task exited with return code 0
[2022-12-11T12:54:00.962+0000] {taskinstance.py:2623} INFO - 1 downstream tasks scheduled from follow-on schedule check
