[2022-12-11T16:30:03.793+0000] {taskinstance.py:1165} INFO - Dependencies all met for <TaskInstance: light_dag.TwoNumsPrt scheduled__2022-12-10T16:34:00+00:00 [queued]>
[2022-12-11T16:30:03.809+0000] {taskinstance.py:1165} INFO - Dependencies all met for <TaskInstance: light_dag.TwoNumsPrt scheduled__2022-12-10T16:34:00+00:00 [queued]>
[2022-12-11T16:30:03.810+0000] {taskinstance.py:1362} INFO - 
--------------------------------------------------------------------------------
[2022-12-11T16:30:03.811+0000] {taskinstance.py:1363} INFO - Starting attempt 1 of 1
[2022-12-11T16:30:03.812+0000] {taskinstance.py:1364} INFO - 
--------------------------------------------------------------------------------
[2022-12-11T16:30:03.831+0000] {taskinstance.py:1383} INFO - Executing <Task(PythonOperator): TwoNumsPrt> on 2022-12-10 16:34:00+00:00
[2022-12-11T16:30:03.836+0000] {standard_task_runner.py:55} INFO - Started process 26686 to run task
[2022-12-11T16:30:03.841+0000] {standard_task_runner.py:82} INFO - Running: ['***', 'tasks', 'run', 'light_dag', 'TwoNumsPrt', 'scheduled__2022-12-10T16:34:00+00:00', '--job-id', '7595', '--raw', '--subdir', 'DAGS_FOLDER/light_dag.py', '--cfg-path', '/tmp/tmpbcob5lh3']
[2022-12-11T16:30:03.841+0000] {standard_task_runner.py:83} INFO - Job 7595: Subtask TwoNumsPrt
[2022-12-11T16:30:03.933+0000] {task_command.py:376} INFO - Running <TaskInstance: light_dag.TwoNumsPrt scheduled__2022-12-10T16:34:00+00:00 [running]> on host 5663d391ad54
[2022-12-11T16:30:04.035+0000] {taskinstance.py:1592} INFO - Exporting the following env vars:
AIRFLOW_CTX_DAG_OWNER=***
AIRFLOW_CTX_DAG_ID=light_dag
AIRFLOW_CTX_TASK_ID=TwoNumsPrt
AIRFLOW_CTX_EXECUTION_DATE=2022-12-10T16:34:00+00:00
AIRFLOW_CTX_TRY_NUMBER=1
AIRFLOW_CTX_DAG_RUN_ID=scheduled__2022-12-10T16:34:00+00:00
[2022-12-11T16:30:04.037+0000] {python.py:177} INFO - Done. Returned value was: None
[2022-12-11T16:30:04.051+0000] {taskinstance.py:1406} INFO - Marking task as SUCCESS. dag_id=light_dag, task_id=TwoNumsPrt, execution_date=20221210T163400, start_date=20221211T163003, end_date=20221211T163004
[2022-12-11T16:30:04.095+0000] {local_task_job.py:159} INFO - Task exited with return code 0
[2022-12-11T16:30:04.118+0000] {taskinstance.py:2623} INFO - 1 downstream tasks scheduled from follow-on schedule check
