[2022-12-11T12:50:06.693+0000] {taskinstance.py:1165} INFO - Dependencies all met for <TaskInstance: hard_dag.waiting_for_file scheduled__2022-12-10T12:54:00+00:00 [queued]>
[2022-12-11T12:50:06.705+0000] {taskinstance.py:1165} INFO - Dependencies all met for <TaskInstance: hard_dag.waiting_for_file scheduled__2022-12-10T12:54:00+00:00 [queued]>
[2022-12-11T12:50:06.705+0000] {taskinstance.py:1362} INFO - 
--------------------------------------------------------------------------------
[2022-12-11T12:50:06.706+0000] {taskinstance.py:1363} INFO - Starting attempt 1 of 1
[2022-12-11T12:50:06.706+0000] {taskinstance.py:1364} INFO - 
--------------------------------------------------------------------------------
[2022-12-11T12:50:06.721+0000] {taskinstance.py:1383} INFO - Executing <Task(PythonSensor): waiting_for_file> on 2022-12-10 12:54:00+00:00
[2022-12-11T12:50:06.725+0000] {standard_task_runner.py:55} INFO - Started process 15984 to run task
[2022-12-11T12:50:06.729+0000] {standard_task_runner.py:82} INFO - Running: ['***', 'tasks', 'run', 'hard_dag', 'waiting_for_file', 'scheduled__2022-12-10T12:54:00+00:00', '--job-id', '7460', '--raw', '--subdir', 'DAGS_FOLDER/hard_dag.py', '--cfg-path', '/tmp/tmpipv5ccd4']
[2022-12-11T12:50:06.729+0000] {standard_task_runner.py:83} INFO - Job 7460: Subtask waiting_for_file
[2022-12-11T12:50:06.793+0000] {task_command.py:376} INFO - Running <TaskInstance: hard_dag.waiting_for_file scheduled__2022-12-10T12:54:00+00:00 [running]> on host 5663d391ad54
[2022-12-11T12:50:06.945+0000] {taskinstance.py:1592} INFO - Exporting the following env vars:
AIRFLOW_CTX_DAG_OWNER=***
AIRFLOW_CTX_DAG_ID=hard_dag
AIRFLOW_CTX_TASK_ID=waiting_for_file
AIRFLOW_CTX_EXECUTION_DATE=2022-12-10T12:54:00+00:00
AIRFLOW_CTX_TRY_NUMBER=1
AIRFLOW_CTX_DAG_RUN_ID=scheduled__2022-12-10T12:54:00+00:00
[2022-12-11T12:50:06.946+0000] {python.py:68} INFO - Poking callable: <function <lambda> at 0x7f4cec1c2680>
[2022-12-11T12:50:06.955+0000] {logging_mixin.py:137} INFO - calc=0:checksum=0
[2022-12-11T12:50:06.956+0000] {base.py:213} INFO - Success criteria met. Exiting.
[2022-12-11T12:50:06.965+0000] {taskinstance.py:1406} INFO - Marking task as SUCCESS. dag_id=hard_dag, task_id=waiting_for_file, execution_date=20221210T125400, start_date=20221211T125006, end_date=20221211T125006
[2022-12-11T12:50:07.020+0000] {local_task_job.py:159} INFO - Task exited with return code 0
[2022-12-11T12:50:07.040+0000] {taskinstance.py:2623} INFO - 0 downstream tasks scheduled from follow-on schedule check
