[2022-12-11T16:33:01.804+0000] {taskinstance.py:1165} INFO - Dependencies all met for <TaskInstance: hard_dag.hello scheduled__2022-12-11T16:32:00+00:00 [queued]>
[2022-12-11T16:33:01.831+0000] {taskinstance.py:1165} INFO - Dependencies all met for <TaskInstance: hard_dag.hello scheduled__2022-12-11T16:32:00+00:00 [queued]>
[2022-12-11T16:33:01.831+0000] {taskinstance.py:1362} INFO - 
--------------------------------------------------------------------------------
[2022-12-11T16:33:01.831+0000] {taskinstance.py:1363} INFO - Starting attempt 1 of 1
[2022-12-11T16:33:01.832+0000] {taskinstance.py:1364} INFO - 
--------------------------------------------------------------------------------
[2022-12-11T16:33:01.875+0000] {taskinstance.py:1383} INFO - Executing <Task(BashOperator): hello> on 2022-12-11 16:32:00+00:00
[2022-12-11T16:33:01.886+0000] {standard_task_runner.py:55} INFO - Started process 26893 to run task
[2022-12-11T16:33:01.891+0000] {standard_task_runner.py:82} INFO - Running: ['***', 'tasks', 'run', 'hard_dag', 'hello', 'scheduled__2022-12-11T16:32:00+00:00', '--job-id', '7627', '--raw', '--subdir', 'DAGS_FOLDER/hard_dag.py', '--cfg-path', '/tmp/tmp7zy0qbez']
[2022-12-11T16:33:01.892+0000] {standard_task_runner.py:83} INFO - Job 7627: Subtask hello
[2022-12-11T16:33:02.046+0000] {task_command.py:376} INFO - Running <TaskInstance: hard_dag.hello scheduled__2022-12-11T16:32:00+00:00 [running]> on host 5663d391ad54
[2022-12-11T16:33:02.228+0000] {taskinstance.py:1592} INFO - Exporting the following env vars:
AIRFLOW_CTX_DAG_OWNER=***
AIRFLOW_CTX_DAG_ID=hard_dag
AIRFLOW_CTX_TASK_ID=hello
AIRFLOW_CTX_EXECUTION_DATE=2022-12-11T16:32:00+00:00
AIRFLOW_CTX_TRY_NUMBER=1
AIRFLOW_CTX_DAG_RUN_ID=scheduled__2022-12-11T16:32:00+00:00
[2022-12-11T16:33:02.231+0000] {subprocess.py:63} INFO - Tmp dir root location: 
 /tmp
[2022-12-11T16:33:02.233+0000] {subprocess.py:75} INFO - Running command: ['/bin/bash', '-c', 'echo hello']
[2022-12-11T16:33:02.249+0000] {subprocess.py:86} INFO - Output:
[2022-12-11T16:33:02.251+0000] {subprocess.py:93} INFO - hello
[2022-12-11T16:33:02.252+0000] {subprocess.py:97} INFO - Command exited with return code 0
[2022-12-11T16:33:02.268+0000] {taskinstance.py:1406} INFO - Marking task as SUCCESS. dag_id=hard_dag, task_id=hello, execution_date=20221211T163200, start_date=20221211T163301, end_date=20221211T163302
[2022-12-11T16:33:02.323+0000] {local_task_job.py:159} INFO - Task exited with return code 0
[2022-12-11T16:33:02.367+0000] {taskinstance.py:2623} INFO - 1 downstream tasks scheduled from follow-on schedule check
