[2022-12-11T12:52:06.489+0000] {taskinstance.py:1165} INFO - Dependencies all met for <TaskInstance: hard_dag.waiting_for_file scheduled__2022-12-11T12:51:00+00:00 [queued]>
[2022-12-11T12:52:06.499+0000] {taskinstance.py:1165} INFO - Dependencies all met for <TaskInstance: hard_dag.waiting_for_file scheduled__2022-12-11T12:51:00+00:00 [queued]>
[2022-12-11T12:52:06.500+0000] {taskinstance.py:1362} INFO - 
--------------------------------------------------------------------------------
[2022-12-11T12:52:06.500+0000] {taskinstance.py:1363} INFO - Starting attempt 1 of 1
[2022-12-11T12:52:06.501+0000] {taskinstance.py:1364} INFO - 
--------------------------------------------------------------------------------
[2022-12-11T12:52:06.515+0000] {taskinstance.py:1383} INFO - Executing <Task(PythonSensor): waiting_for_file> on 2022-12-11 12:51:00+00:00
[2022-12-11T12:52:06.519+0000] {standard_task_runner.py:55} INFO - Started process 16114 to run task
[2022-12-11T12:52:06.522+0000] {standard_task_runner.py:82} INFO - Running: ['***', 'tasks', 'run', 'hard_dag', 'waiting_for_file', 'scheduled__2022-12-11T12:51:00+00:00', '--job-id', '7478', '--raw', '--subdir', 'DAGS_FOLDER/hard_dag.py', '--cfg-path', '/tmp/tmpc4f29wuv']
[2022-12-11T12:52:06.523+0000] {standard_task_runner.py:83} INFO - Job 7478: Subtask waiting_for_file
[2022-12-11T12:52:06.591+0000] {task_command.py:376} INFO - Running <TaskInstance: hard_dag.waiting_for_file scheduled__2022-12-11T12:51:00+00:00 [running]> on host 5663d391ad54
[2022-12-11T12:52:06.659+0000] {taskinstance.py:1592} INFO - Exporting the following env vars:
AIRFLOW_CTX_DAG_OWNER=***
AIRFLOW_CTX_DAG_ID=hard_dag
AIRFLOW_CTX_TASK_ID=waiting_for_file
AIRFLOW_CTX_EXECUTION_DATE=2022-12-11T12:51:00+00:00
AIRFLOW_CTX_TRY_NUMBER=1
AIRFLOW_CTX_DAG_RUN_ID=scheduled__2022-12-11T12:51:00+00:00
[2022-12-11T12:52:06.660+0000] {python.py:68} INFO - Poking callable: <function <lambda> at 0x7f4cec1c2950>
[2022-12-11T12:52:06.668+0000] {logging_mixin.py:137} INFO - calc=3:checksum=3
[2022-12-11T12:52:06.668+0000] {base.py:213} INFO - Success criteria met. Exiting.
[2022-12-11T12:52:06.677+0000] {taskinstance.py:1406} INFO - Marking task as SUCCESS. dag_id=hard_dag, task_id=waiting_for_file, execution_date=20221211T125100, start_date=20221211T125206, end_date=20221211T125206
[2022-12-11T12:52:06.734+0000] {local_task_job.py:159} INFO - Task exited with return code 0
[2022-12-11T12:52:06.752+0000] {taskinstance.py:2623} INFO - 0 downstream tasks scheduled from follow-on schedule check
