[2022-12-11T16:33:01.835+0000] {taskinstance.py:1165} INFO - Dependencies all met for <TaskInstance: light_dag.hello scheduled__2022-12-11T16:32:00+00:00 [queued]>
[2022-12-11T16:33:01.851+0000] {taskinstance.py:1165} INFO - Dependencies all met for <TaskInstance: light_dag.hello scheduled__2022-12-11T16:32:00+00:00 [queued]>
[2022-12-11T16:33:01.852+0000] {taskinstance.py:1362} INFO - 
--------------------------------------------------------------------------------
[2022-12-11T16:33:01.852+0000] {taskinstance.py:1363} INFO - Starting attempt 1 of 1
[2022-12-11T16:33:01.853+0000] {taskinstance.py:1364} INFO - 
--------------------------------------------------------------------------------
[2022-12-11T16:33:01.880+0000] {taskinstance.py:1383} INFO - Executing <Task(BashOperator): hello> on 2022-12-11 16:32:00+00:00
[2022-12-11T16:33:01.884+0000] {standard_task_runner.py:55} INFO - Started process 26892 to run task
[2022-12-11T16:33:01.899+0000] {standard_task_runner.py:82} INFO - Running: ['***', 'tasks', 'run', 'light_dag', 'hello', 'scheduled__2022-12-11T16:32:00+00:00', '--job-id', '7628', '--raw', '--subdir', 'DAGS_FOLDER/light_dag.py', '--cfg-path', '/tmp/tmpnmcbyuqc']
[2022-12-11T16:33:01.901+0000] {standard_task_runner.py:83} INFO - Job 7628: Subtask hello
[2022-12-11T16:33:02.038+0000] {task_command.py:376} INFO - Running <TaskInstance: light_dag.hello scheduled__2022-12-11T16:32:00+00:00 [running]> on host 5663d391ad54
[2022-12-11T16:33:02.160+0000] {taskinstance.py:1592} INFO - Exporting the following env vars:
AIRFLOW_CTX_DAG_OWNER=***
AIRFLOW_CTX_DAG_ID=light_dag
AIRFLOW_CTX_TASK_ID=hello
AIRFLOW_CTX_EXECUTION_DATE=2022-12-11T16:32:00+00:00
AIRFLOW_CTX_TRY_NUMBER=1
AIRFLOW_CTX_DAG_RUN_ID=scheduled__2022-12-11T16:32:00+00:00
[2022-12-11T16:33:02.161+0000] {subprocess.py:63} INFO - Tmp dir root location: 
 /tmp
[2022-12-11T16:33:02.167+0000] {subprocess.py:75} INFO - Running command: ['/bin/bash', '-c', 'echo hello']
[2022-12-11T16:33:02.193+0000] {subprocess.py:86} INFO - Output:
[2022-12-11T16:33:02.196+0000] {subprocess.py:93} INFO - hello
[2022-12-11T16:33:02.196+0000] {subprocess.py:97} INFO - Command exited with return code 0
[2022-12-11T16:33:02.221+0000] {taskinstance.py:1406} INFO - Marking task as SUCCESS. dag_id=light_dag, task_id=hello, execution_date=20221211T163200, start_date=20221211T163301, end_date=20221211T163302
[2022-12-11T16:33:02.285+0000] {local_task_job.py:159} INFO - Task exited with return code 0
[2022-12-11T16:33:02.342+0000] {taskinstance.py:2623} INFO - 1 downstream tasks scheduled from follow-on schedule check
