[2022-12-11T16:32:05.668+0000] {taskinstance.py:1165} INFO - Dependencies all met for <TaskInstance: light_dag.TwoNumsCalc scheduled__2022-12-11T16:31:00+00:00 [queued]>
[2022-12-11T16:32:05.680+0000] {taskinstance.py:1165} INFO - Dependencies all met for <TaskInstance: light_dag.TwoNumsCalc scheduled__2022-12-11T16:31:00+00:00 [queued]>
[2022-12-11T16:32:05.681+0000] {taskinstance.py:1362} INFO - 
--------------------------------------------------------------------------------
[2022-12-11T16:32:05.681+0000] {taskinstance.py:1363} INFO - Starting attempt 1 of 1
[2022-12-11T16:32:05.682+0000] {taskinstance.py:1364} INFO - 
--------------------------------------------------------------------------------
[2022-12-11T16:32:05.699+0000] {taskinstance.py:1383} INFO - Executing <Task(PythonOperator): TwoNumsCalc> on 2022-12-11 16:31:00+00:00
[2022-12-11T16:32:05.704+0000] {standard_task_runner.py:55} INFO - Started process 26835 to run task
[2022-12-11T16:32:05.708+0000] {standard_task_runner.py:82} INFO - Running: ['***', 'tasks', 'run', 'light_dag', 'TwoNumsCalc', 'scheduled__2022-12-11T16:31:00+00:00', '--job-id', '7621', '--raw', '--subdir', 'DAGS_FOLDER/light_dag.py', '--cfg-path', '/tmp/tmpoidbpznk']
[2022-12-11T16:32:05.708+0000] {standard_task_runner.py:83} INFO - Job 7621: Subtask TwoNumsCalc
[2022-12-11T16:32:05.780+0000] {task_command.py:376} INFO - Running <TaskInstance: light_dag.TwoNumsCalc scheduled__2022-12-11T16:31:00+00:00 [running]> on host 5663d391ad54
[2022-12-11T16:32:05.855+0000] {taskinstance.py:1592} INFO - Exporting the following env vars:
AIRFLOW_CTX_DAG_OWNER=***
AIRFLOW_CTX_DAG_ID=light_dag
AIRFLOW_CTX_TASK_ID=TwoNumsCalc
AIRFLOW_CTX_EXECUTION_DATE=2022-12-11T16:31:00+00:00
AIRFLOW_CTX_TRY_NUMBER=1
AIRFLOW_CTX_DAG_RUN_ID=scheduled__2022-12-11T16:31:00+00:00
[2022-12-11T16:32:05.856+0000] {python.py:177} INFO - Done. Returned value was: None
[2022-12-11T16:32:05.868+0000] {taskinstance.py:1406} INFO - Marking task as SUCCESS. dag_id=light_dag, task_id=TwoNumsCalc, execution_date=20221211T163100, start_date=20221211T163205, end_date=20221211T163205
[2022-12-11T16:32:05.919+0000] {local_task_job.py:159} INFO - Task exited with return code 0
[2022-12-11T16:32:05.942+0000] {taskinstance.py:2623} INFO - 0 downstream tasks scheduled from follow-on schedule check
