[2022-12-11T16:31:08.044+0000] {taskinstance.py:1165} INFO - Dependencies all met for <TaskInstance: hard_dag.select_next_task scheduled__2022-12-11T16:30:00+00:00 [queued]>
[2022-12-11T16:31:08.058+0000] {taskinstance.py:1165} INFO - Dependencies all met for <TaskInstance: hard_dag.select_next_task scheduled__2022-12-11T16:30:00+00:00 [queued]>
[2022-12-11T16:31:08.059+0000] {taskinstance.py:1362} INFO - 
--------------------------------------------------------------------------------
[2022-12-11T16:31:08.059+0000] {taskinstance.py:1363} INFO - Starting attempt 1 of 1
[2022-12-11T16:31:08.059+0000] {taskinstance.py:1364} INFO - 
--------------------------------------------------------------------------------
[2022-12-11T16:31:08.074+0000] {taskinstance.py:1383} INFO - Executing <Task(BranchPythonOperator): select_next_task> on 2022-12-11 16:30:00+00:00
[2022-12-11T16:31:08.079+0000] {standard_task_runner.py:55} INFO - Started process 26769 to run task
[2022-12-11T16:31:08.082+0000] {standard_task_runner.py:82} INFO - Running: ['***', 'tasks', 'run', 'hard_dag', 'select_next_task', 'scheduled__2022-12-11T16:30:00+00:00', '--job-id', '7612', '--raw', '--subdir', 'DAGS_FOLDER/hard_dag.py', '--cfg-path', '/tmp/tmpy75lwm08']
[2022-12-11T16:31:08.083+0000] {standard_task_runner.py:83} INFO - Job 7612: Subtask select_next_task
[2022-12-11T16:31:08.147+0000] {task_command.py:376} INFO - Running <TaskInstance: hard_dag.select_next_task scheduled__2022-12-11T16:30:00+00:00 [running]> on host 5663d391ad54
[2022-12-11T16:31:08.217+0000] {taskinstance.py:1592} INFO - Exporting the following env vars:
AIRFLOW_CTX_DAG_OWNER=***
AIRFLOW_CTX_DAG_ID=hard_dag
AIRFLOW_CTX_TASK_ID=select_next_task
AIRFLOW_CTX_EXECUTION_DATE=2022-12-11T16:30:00+00:00
AIRFLOW_CTX_TRY_NUMBER=1
AIRFLOW_CTX_DAG_RUN_ID=scheduled__2022-12-11T16:30:00+00:00
[2022-12-11T16:31:08.224+0000] {python.py:177} INFO - Done. Returned value was: file_exist
[2022-12-11T16:31:08.224+0000] {skipmixin.py:155} INFO - Following branch file_exist
[2022-12-11T16:31:08.225+0000] {skipmixin.py:190} INFO - Skipping tasks ['error_task']
[2022-12-11T16:31:08.263+0000] {taskinstance.py:1406} INFO - Marking task as SUCCESS. dag_id=hard_dag, task_id=select_next_task, execution_date=20221211T163000, start_date=20221211T163108, end_date=20221211T163108
[2022-12-11T16:31:08.294+0000] {local_task_job.py:159} INFO - Task exited with return code 0
[2022-12-11T16:31:08.325+0000] {taskinstance.py:2623} INFO - 1 downstream tasks scheduled from follow-on schedule check
