[2022-12-11T12:51:04.649+0000] {taskinstance.py:1165} INFO - Dependencies all met for <TaskInstance: hard_dag.TwoNumsPrt scheduled__2022-12-11T12:50:00+00:00 [queued]>
[2022-12-11T12:51:04.678+0000] {taskinstance.py:1165} INFO - Dependencies all met for <TaskInstance: hard_dag.TwoNumsPrt scheduled__2022-12-11T12:50:00+00:00 [queued]>
[2022-12-11T12:51:04.695+0000] {taskinstance.py:1362} INFO - 
--------------------------------------------------------------------------------
[2022-12-11T12:51:04.712+0000] {taskinstance.py:1363} INFO - Starting attempt 1 of 1
[2022-12-11T12:51:04.718+0000] {taskinstance.py:1364} INFO - 
--------------------------------------------------------------------------------
[2022-12-11T12:51:04.771+0000] {taskinstance.py:1383} INFO - Executing <Task(PythonOperator): TwoNumsPrt> on 2022-12-11 12:50:00+00:00
[2022-12-11T12:51:04.785+0000] {standard_task_runner.py:55} INFO - Started process 16043 to run task
[2022-12-11T12:51:04.803+0000] {standard_task_runner.py:82} INFO - Running: ['***', 'tasks', 'run', 'hard_dag', 'TwoNumsPrt', 'scheduled__2022-12-11T12:50:00+00:00', '--job-id', '7466', '--raw', '--subdir', 'DAGS_FOLDER/hard_dag.py', '--cfg-path', '/tmp/tmpy8gbtfip']
[2022-12-11T12:51:04.814+0000] {standard_task_runner.py:83} INFO - Job 7466: Subtask TwoNumsPrt
[2022-12-11T12:51:05.038+0000] {task_command.py:376} INFO - Running <TaskInstance: hard_dag.TwoNumsPrt scheduled__2022-12-11T12:50:00+00:00 [running]> on host 5663d391ad54
[2022-12-11T12:51:05.291+0000] {taskinstance.py:1592} INFO - Exporting the following env vars:
AIRFLOW_CTX_DAG_OWNER=***
AIRFLOW_CTX_DAG_ID=hard_dag
AIRFLOW_CTX_TASK_ID=TwoNumsPrt
AIRFLOW_CTX_EXECUTION_DATE=2022-12-11T12:50:00+00:00
AIRFLOW_CTX_TRY_NUMBER=1
AIRFLOW_CTX_DAG_RUN_ID=scheduled__2022-12-11T12:50:00+00:00
[2022-12-11T12:51:05.394+0000] {python.py:177} INFO - Done. Returned value was: None
[2022-12-11T12:51:05.429+0000] {taskinstance.py:1406} INFO - Marking task as SUCCESS. dag_id=hard_dag, task_id=TwoNumsPrt, execution_date=20221211T125000, start_date=20221211T125104, end_date=20221211T125105
[2022-12-11T12:51:05.580+0000] {local_task_job.py:159} INFO - Task exited with return code 0
[2022-12-11T12:51:05.715+0000] {taskinstance.py:2623} INFO - 1 downstream tasks scheduled from follow-on schedule check
