[2022-12-11T12:54:04.940+0000] {taskinstance.py:1165} INFO - Dependencies all met for <TaskInstance: hard_dag.TwoNumsCalc scheduled__2022-12-11T12:53:00+00:00 [queued]>
[2022-12-11T12:54:04.973+0000] {taskinstance.py:1165} INFO - Dependencies all met for <TaskInstance: hard_dag.TwoNumsCalc scheduled__2022-12-11T12:53:00+00:00 [queued]>
[2022-12-11T12:54:04.974+0000] {taskinstance.py:1362} INFO - 
--------------------------------------------------------------------------------
[2022-12-11T12:54:04.974+0000] {taskinstance.py:1363} INFO - Starting attempt 1 of 1
[2022-12-11T12:54:04.974+0000] {taskinstance.py:1364} INFO - 
--------------------------------------------------------------------------------
[2022-12-11T12:54:05.004+0000] {taskinstance.py:1383} INFO - Executing <Task(PythonOperator): TwoNumsCalc> on 2022-12-11 12:53:00+00:00
[2022-12-11T12:54:05.060+0000] {standard_task_runner.py:55} INFO - Started process 16242 to run task
[2022-12-11T12:54:05.064+0000] {standard_task_runner.py:82} INFO - Running: ['***', 'tasks', 'run', 'hard_dag', 'TwoNumsCalc', 'scheduled__2022-12-11T12:53:00+00:00', '--job-id', '7494', '--raw', '--subdir', 'DAGS_FOLDER/hard_dag.py', '--cfg-path', '/tmp/tmprsifwke5']
[2022-12-11T12:54:05.070+0000] {standard_task_runner.py:83} INFO - Job 7494: Subtask TwoNumsCalc
[2022-12-11T12:54:05.197+0000] {task_command.py:376} INFO - Running <TaskInstance: hard_dag.TwoNumsCalc scheduled__2022-12-11T12:53:00+00:00 [running]> on host 5663d391ad54
[2022-12-11T12:54:05.319+0000] {taskinstance.py:1592} INFO - Exporting the following env vars:
AIRFLOW_CTX_DAG_OWNER=***
AIRFLOW_CTX_DAG_ID=hard_dag
AIRFLOW_CTX_TASK_ID=TwoNumsCalc
AIRFLOW_CTX_EXECUTION_DATE=2022-12-11T12:53:00+00:00
AIRFLOW_CTX_TRY_NUMBER=1
AIRFLOW_CTX_DAG_RUN_ID=scheduled__2022-12-11T12:53:00+00:00
[2022-12-11T12:54:05.335+0000] {python.py:177} INFO - Done. Returned value was: None
[2022-12-11T12:54:05.359+0000] {taskinstance.py:1406} INFO - Marking task as SUCCESS. dag_id=hard_dag, task_id=TwoNumsCalc, execution_date=20221211T125300, start_date=20221211T125404, end_date=20221211T125405
[2022-12-11T12:54:05.416+0000] {local_task_job.py:159} INFO - Task exited with return code 0
[2022-12-11T12:54:05.473+0000] {taskinstance.py:2623} INFO - 1 downstream tasks scheduled from follow-on schedule check
[2022-12-11T16:26:33.640+0000] {taskinstance.py:1165} INFO - Dependencies all met for <TaskInstance: hard_dag.TwoNumsCalc scheduled__2022-12-11T12:53:00+00:00 [queued]>
[2022-12-11T16:26:33.652+0000] {taskinstance.py:1165} INFO - Dependencies all met for <TaskInstance: hard_dag.TwoNumsCalc scheduled__2022-12-11T12:53:00+00:00 [queued]>
[2022-12-11T16:26:33.653+0000] {taskinstance.py:1362} INFO - 
--------------------------------------------------------------------------------
[2022-12-11T16:26:33.653+0000] {taskinstance.py:1363} INFO - Starting attempt 1 of 1
[2022-12-11T16:26:33.653+0000] {taskinstance.py:1364} INFO - 
--------------------------------------------------------------------------------
[2022-12-11T16:26:33.682+0000] {taskinstance.py:1383} INFO - Executing <Task(PythonOperator): TwoNumsCalc> on 2022-12-11 12:53:00+00:00
[2022-12-11T16:26:33.686+0000] {standard_task_runner.py:55} INFO - Started process 26474 to run task
[2022-12-11T16:26:33.700+0000] {standard_task_runner.py:82} INFO - Running: ['***', 'tasks', 'run', 'hard_dag', 'TwoNumsCalc', 'scheduled__2022-12-11T12:53:00+00:00', '--job-id', '7576', '--raw', '--subdir', 'DAGS_FOLDER/hard_dag.py', '--cfg-path', '/tmp/tmpyqe1gu0a']
[2022-12-11T16:26:33.720+0000] {standard_task_runner.py:83} INFO - Job 7576: Subtask TwoNumsCalc
[2022-12-11T16:26:33.844+0000] {task_command.py:376} INFO - Running <TaskInstance: hard_dag.TwoNumsCalc scheduled__2022-12-11T12:53:00+00:00 [running]> on host 5663d391ad54
[2022-12-11T16:26:33.972+0000] {taskinstance.py:1592} INFO - Exporting the following env vars:
AIRFLOW_CTX_DAG_OWNER=***
AIRFLOW_CTX_DAG_ID=hard_dag
AIRFLOW_CTX_TASK_ID=TwoNumsCalc
AIRFLOW_CTX_EXECUTION_DATE=2022-12-11T12:53:00+00:00
AIRFLOW_CTX_TRY_NUMBER=1
AIRFLOW_CTX_DAG_RUN_ID=scheduled__2022-12-11T12:53:00+00:00
[2022-12-11T16:26:33.990+0000] {python.py:177} INFO - Done. Returned value was: None
[2022-12-11T16:26:34.004+0000] {taskinstance.py:1406} INFO - Marking task as SUCCESS. dag_id=hard_dag, task_id=TwoNumsCalc, execution_date=20221211T125300, start_date=20221211T162633, end_date=20221211T162634
[2022-12-11T16:26:34.067+0000] {local_task_job.py:159} INFO - Task exited with return code 0
[2022-12-11T16:26:34.113+0000] {taskinstance.py:2623} INFO - 1 downstream tasks scheduled from follow-on schedule check
