[2022-12-11T12:53:02.236+0000] {taskinstance.py:1165} INFO - Dependencies all met for <TaskInstance: hard_dag.world scheduled__2022-12-11T12:52:00+00:00 [queued]>
[2022-12-11T12:53:02.249+0000] {taskinstance.py:1165} INFO - Dependencies all met for <TaskInstance: hard_dag.world scheduled__2022-12-11T12:52:00+00:00 [queued]>
[2022-12-11T12:53:02.249+0000] {taskinstance.py:1362} INFO - 
--------------------------------------------------------------------------------
[2022-12-11T12:53:02.250+0000] {taskinstance.py:1363} INFO - Starting attempt 1 of 1
[2022-12-11T12:53:02.250+0000] {taskinstance.py:1364} INFO - 
--------------------------------------------------------------------------------
[2022-12-11T12:53:02.267+0000] {taskinstance.py:1383} INFO - Executing <Task(PythonOperator): world> on 2022-12-11 12:52:00+00:00
[2022-12-11T12:53:02.272+0000] {standard_task_runner.py:55} INFO - Started process 16169 to run task
[2022-12-11T12:53:02.276+0000] {standard_task_runner.py:82} INFO - Running: ['***', 'tasks', 'run', 'hard_dag', 'world', 'scheduled__2022-12-11T12:52:00+00:00', '--job-id', '7481', '--raw', '--subdir', 'DAGS_FOLDER/hard_dag.py', '--cfg-path', '/tmp/tmpoh_aq98u']
[2022-12-11T12:53:02.277+0000] {standard_task_runner.py:83} INFO - Job 7481: Subtask world
[2022-12-11T12:53:02.350+0000] {task_command.py:376} INFO - Running <TaskInstance: hard_dag.world scheduled__2022-12-11T12:52:00+00:00 [running]> on host 5663d391ad54
[2022-12-11T12:53:02.435+0000] {taskinstance.py:1592} INFO - Exporting the following env vars:
AIRFLOW_CTX_DAG_OWNER=***
AIRFLOW_CTX_DAG_ID=hard_dag
AIRFLOW_CTX_TASK_ID=world
AIRFLOW_CTX_EXECUTION_DATE=2022-12-11T12:52:00+00:00
AIRFLOW_CTX_TRY_NUMBER=1
AIRFLOW_CTX_DAG_RUN_ID=scheduled__2022-12-11T12:52:00+00:00
[2022-12-11T12:53:02.436+0000] {logging_mixin.py:137} INFO - Hello!
[2022-12-11T12:53:02.436+0000] {python.py:177} INFO - Done. Returned value was: None
[2022-12-11T12:53:02.448+0000] {taskinstance.py:1406} INFO - Marking task as SUCCESS. dag_id=hard_dag, task_id=world, execution_date=20221211T125200, start_date=20221211T125302, end_date=20221211T125302
[2022-12-11T12:53:02.489+0000] {local_task_job.py:159} INFO - Task exited with return code 0
[2022-12-11T12:53:02.520+0000] {taskinstance.py:2623} INFO - 1 downstream tasks scheduled from follow-on schedule check
