[2022-12-11T16:32:09.318+0000] {taskinstance.py:1165} INFO - Dependencies all met for <TaskInstance: hard_dag.file_exist scheduled__2022-12-11T16:31:00+00:00 [queued]>
[2022-12-11T16:32:09.330+0000] {taskinstance.py:1165} INFO - Dependencies all met for <TaskInstance: hard_dag.file_exist scheduled__2022-12-11T16:31:00+00:00 [queued]>
[2022-12-11T16:32:09.331+0000] {taskinstance.py:1362} INFO - 
--------------------------------------------------------------------------------
[2022-12-11T16:32:09.331+0000] {taskinstance.py:1363} INFO - Starting attempt 1 of 1
[2022-12-11T16:32:09.332+0000] {taskinstance.py:1364} INFO - 
--------------------------------------------------------------------------------
[2022-12-11T16:32:09.346+0000] {taskinstance.py:1383} INFO - Executing <Task(PythonOperator): file_exist> on 2022-12-11 16:31:00+00:00
[2022-12-11T16:32:09.350+0000] {standard_task_runner.py:55} INFO - Started process 26842 to run task
[2022-12-11T16:32:09.354+0000] {standard_task_runner.py:82} INFO - Running: ['***', 'tasks', 'run', 'hard_dag', 'file_exist', 'scheduled__2022-12-11T16:31:00+00:00', '--job-id', '7625', '--raw', '--subdir', 'DAGS_FOLDER/hard_dag.py', '--cfg-path', '/tmp/tmpbaoqta8w']
[2022-12-11T16:32:09.355+0000] {standard_task_runner.py:83} INFO - Job 7625: Subtask file_exist
[2022-12-11T16:32:09.418+0000] {task_command.py:376} INFO - Running <TaskInstance: hard_dag.file_exist scheduled__2022-12-11T16:31:00+00:00 [running]> on host 5663d391ad54
[2022-12-11T16:32:09.489+0000] {taskinstance.py:1592} INFO - Exporting the following env vars:
AIRFLOW_CTX_DAG_OWNER=***
AIRFLOW_CTX_DAG_ID=hard_dag
AIRFLOW_CTX_TASK_ID=file_exist
AIRFLOW_CTX_EXECUTION_DATE=2022-12-11T16:31:00+00:00
AIRFLOW_CTX_TRY_NUMBER=1
AIRFLOW_CTX_DAG_RUN_ID=scheduled__2022-12-11T16:31:00+00:00
[2022-12-11T16:32:09.505+0000] {base.py:71} INFO - Using connection ID 'postgre_con' for task execution.
[2022-12-11T16:32:09.529+0000] {sql.py:315} INFO - Running statement: CREATE TABLE if not exists rnd_table (id serial PRIMARY KEY, value_1 integer, value_2 integer), parameters: None
[2022-12-11T16:32:09.544+0000] {base.py:71} INFO - Using connection ID 'postgre_con' for task execution.
[2022-12-11T16:32:09.565+0000] {sql.py:315} INFO - Running statement: truncate rnd_table, parameters: None
[2022-12-11T16:32:09.589+0000] {logging_mixin.py:137} INFO - INSERT INTO rnd_table (value_1,value_2) VALUES (9, 7)
[2022-12-11T16:32:09.600+0000] {base.py:71} INFO - Using connection ID 'postgre_con' for task execution.
[2022-12-11T16:32:09.622+0000] {sql.py:315} INFO - Running statement: INSERT INTO rnd_table (value_1,value_2) VALUES (9, 7), parameters: None
[2022-12-11T16:32:09.626+0000] {sql.py:324} INFO - Rows affected: 1
[2022-12-11T16:32:09.629+0000] {logging_mixin.py:137} INFO - INSERT INTO rnd_table (value_1,value_2) VALUES (9, 6)
[2022-12-11T16:32:09.644+0000] {base.py:71} INFO - Using connection ID 'postgre_con' for task execution.
[2022-12-11T16:32:09.664+0000] {sql.py:315} INFO - Running statement: INSERT INTO rnd_table (value_1,value_2) VALUES (9, 6), parameters: None
[2022-12-11T16:32:09.671+0000] {sql.py:324} INFO - Rows affected: 1
[2022-12-11T16:32:09.681+0000] {logging_mixin.py:137} INFO - INSERT INTO rnd_table (value_1,value_2) VALUES (8, 2)
[2022-12-11T16:32:09.690+0000] {base.py:71} INFO - Using connection ID 'postgre_con' for task execution.
[2022-12-11T16:32:09.710+0000] {sql.py:315} INFO - Running statement: INSERT INTO rnd_table (value_1,value_2) VALUES (8, 2), parameters: None
[2022-12-11T16:32:09.715+0000] {sql.py:324} INFO - Rows affected: 1
[2022-12-11T16:32:09.718+0000] {logging_mixin.py:137} INFO - INSERT INTO rnd_table (value_1,value_2) VALUES (1, 0)
[2022-12-11T16:32:09.724+0000] {base.py:71} INFO - Using connection ID 'postgre_con' for task execution.
[2022-12-11T16:32:09.745+0000] {sql.py:315} INFO - Running statement: INSERT INTO rnd_table (value_1,value_2) VALUES (1, 0), parameters: None
[2022-12-11T16:32:09.749+0000] {sql.py:324} INFO - Rows affected: 1
[2022-12-11T16:32:09.751+0000] {python.py:177} INFO - Done. Returned value was: None
[2022-12-11T16:32:09.761+0000] {taskinstance.py:1406} INFO - Marking task as SUCCESS. dag_id=hard_dag, task_id=file_exist, execution_date=20221211T163100, start_date=20221211T163209, end_date=20221211T163209
[2022-12-11T16:32:09.806+0000] {local_task_job.py:159} INFO - Task exited with return code 0
[2022-12-11T16:32:09.829+0000] {taskinstance.py:2623} INFO - 1 downstream tasks scheduled from follow-on schedule check
