[2022-12-11T16:31:01.499+0000] {taskinstance.py:1165} INFO - Dependencies all met for <TaskInstance: light_dag.hello scheduled__2022-12-11T16:30:00+00:00 [queued]>
[2022-12-11T16:31:01.511+0000] {taskinstance.py:1165} INFO - Dependencies all met for <TaskInstance: light_dag.hello scheduled__2022-12-11T16:30:00+00:00 [queued]>
[2022-12-11T16:31:01.511+0000] {taskinstance.py:1362} INFO - 
--------------------------------------------------------------------------------
[2022-12-11T16:31:01.512+0000] {taskinstance.py:1363} INFO - Starting attempt 1 of 1
[2022-12-11T16:31:01.512+0000] {taskinstance.py:1364} INFO - 
--------------------------------------------------------------------------------
[2022-12-11T16:31:01.528+0000] {taskinstance.py:1383} INFO - Executing <Task(BashOperator): hello> on 2022-12-11 16:30:00+00:00
[2022-12-11T16:31:01.532+0000] {standard_task_runner.py:55} INFO - Started process 26740 to run task
[2022-12-11T16:31:01.535+0000] {standard_task_runner.py:82} INFO - Running: ['***', 'tasks', 'run', 'light_dag', 'hello', 'scheduled__2022-12-11T16:30:00+00:00', '--job-id', '7603', '--raw', '--subdir', 'DAGS_FOLDER/light_dag.py', '--cfg-path', '/tmp/tmpswf7tbik']
[2022-12-11T16:31:01.536+0000] {standard_task_runner.py:83} INFO - Job 7603: Subtask hello
[2022-12-11T16:31:01.599+0000] {task_command.py:376} INFO - Running <TaskInstance: light_dag.hello scheduled__2022-12-11T16:30:00+00:00 [running]> on host 5663d391ad54
[2022-12-11T16:31:01.669+0000] {taskinstance.py:1592} INFO - Exporting the following env vars:
AIRFLOW_CTX_DAG_OWNER=***
AIRFLOW_CTX_DAG_ID=light_dag
AIRFLOW_CTX_TASK_ID=hello
AIRFLOW_CTX_EXECUTION_DATE=2022-12-11T16:30:00+00:00
AIRFLOW_CTX_TRY_NUMBER=1
AIRFLOW_CTX_DAG_RUN_ID=scheduled__2022-12-11T16:30:00+00:00
[2022-12-11T16:31:01.670+0000] {subprocess.py:63} INFO - Tmp dir root location: 
 /tmp
[2022-12-11T16:31:01.671+0000] {subprocess.py:75} INFO - Running command: ['/bin/bash', '-c', 'echo hello']
[2022-12-11T16:31:01.680+0000] {subprocess.py:86} INFO - Output:
[2022-12-11T16:31:01.682+0000] {subprocess.py:93} INFO - hello
[2022-12-11T16:31:01.682+0000] {subprocess.py:97} INFO - Command exited with return code 0
[2022-12-11T16:31:01.693+0000] {taskinstance.py:1406} INFO - Marking task as SUCCESS. dag_id=light_dag, task_id=hello, execution_date=20221211T163000, start_date=20221211T163101, end_date=20221211T163101
[2022-12-11T16:31:01.747+0000] {local_task_job.py:159} INFO - Task exited with return code 0
[2022-12-11T16:31:01.774+0000] {taskinstance.py:2623} INFO - 1 downstream tasks scheduled from follow-on schedule check
